Start testing: Mar 04 11:47 CET
----------------------------------------------------------
1/1 Testing: test_utils
1/1 Test: test_utils
Command: "/home/cseguret/Projects/app-ethereum/tests/unit/build/test_utils"
Directory: /home/cseguret/Projects/app-ethereum/tests/unit/build
"test_utils" start time: Mar 04 11:47 CET
Output:
----------------------------------------------------------
[==========] Running 1 test(s).
[ RUN      ] null_test_success
[       OK ] null_test_success
[==========] 1 test(s) run.
[  PASSED  ] 1 test(s).
<end of output>
Test time =   0.00 sec
----------------------------------------------------------
Test Passed.
"test_utils" end time: Mar 04 11:47 CET
"test_utils" time elapsed: 00:00:00
----------------------------------------------------------

End testing: Mar 04 11:47 CET
